Analysis & Synthesis report for mult-processor
Sat Sep 22 15:08:30 2018
Quartus II 64-Bit Version 13.0.1 Build 232 06/12/2013 Service Pack 1 SJ Web Edition


---------------------
; Table of Contents ;
---------------------
  1. Legal Notice
  2. Analysis & Synthesis Summary
  3. Analysis & Synthesis Settings
  4. Parallel Compilation
  5. Analysis & Synthesis Source Files Read
  6. Analysis & Synthesis Resource Usage Summary
  7. Analysis & Synthesis Resource Utilization by Entity
  8. Analysis & Synthesis RAM Summary
  9. Analysis & Synthesis IP Cores Summary
 10. User-Specified and Inferred Latches
 11. General Register Statistics
 12. Inverted Register Statistics
 13. Multiplexer Restructuring Statistics (Restructuring Performed)
 14. Source assignments for lpmRAM:ram|altsyncram:altsyncram_component|altsyncram_hjf1:auto_generated
 15. Parameter Settings for User Entity Instance: lpmRAM:ram|altsyncram:altsyncram_component
 16. Parameter Settings for User Entity Instance: processor:proc|counter:c0
 17. Parameter Settings for User Entity Instance: processor:proc|reg16bitsP:reg0
 18. Parameter Settings for User Entity Instance: processor:proc|reg16bitsP:reg1
 19. Parameter Settings for User Entity Instance: processor:proc|reg16bitsP:reg2
 20. Parameter Settings for User Entity Instance: processor:proc|reg16bitsP:reg3
 21. Parameter Settings for User Entity Instance: processor:proc|reg16bitsP:reg4
 22. Parameter Settings for User Entity Instance: processor:proc|reg16bitsP:reg5
 23. Parameter Settings for User Entity Instance: processor:proc|reg16bitsP:reg6
 24. Parameter Settings for User Entity Instance: processor:proc|PC:pgmCnt
 25. Parameter Settings for User Entity Instance: processor:proc|reg16bitsP:A
 26. Parameter Settings for User Entity Instance: processor:proc|reg16bitsP:addressReg
 27. Parameter Settings for User Entity Instance: processor:proc|reg16bitsP:dOutReg
 28. Parameter Settings for User Entity Instance: processor:proc|addsub:as
 29. altsyncram Parameter Settings by Entity Instance
 30. Port Connectivity Checks: "processor:proc|decodificaReg:dec1"
 31. Port Connectivity Checks: "processor:proc|decodificaReg:dec0"
 32. Port Connectivity Checks: "processor:proc"
 33. Elapsed Time Per Partition
 34. Analysis & Synthesis Messages



----------------
; Legal Notice ;
----------------
Copyright (C) 1991-2013 Altera Corporation
Your use of Altera Corporation's design tools, logic functions 
and other software and tools, and its AMPP partner logic 
functions, and any output files from any of the foregoing 
(including device programming or simulation files), and any 
associated documentation or information are expressly subject 
to the terms and conditions of the Altera Program License 
Subscription Agreement, Altera MegaCore Function License 
Agreement, or other applicable license agreement, including, 
without limitation, that your use is for the sole purpose of 
programming logic devices manufactured by Altera and sold by 
Altera or its authorized distributors.  Please refer to the 
applicable agreement for further details.



+--------------------------------------------------------------------------------------+
; Analysis & Synthesis Summary                                                         ;
+------------------------------------+-------------------------------------------------+
; Analysis & Synthesis Status        ; Successful - Sat Sep 22 15:08:30 2018           ;
; Quartus II 64-Bit Version          ; 13.0.1 Build 232 06/12/2013 SP 1 SJ Web Edition ;
; Revision Name                      ; mult-processor                                  ;
; Top-level Entity Name              ; ram_proc                                        ;
; Family                             ; Cyclone II                                      ;
; Total logic elements               ; 701                                             ;
;     Total combinational functions  ; 561                                             ;
;     Dedicated logic registers      ; 196                                             ;
; Total registers                    ; 196                                             ;
; Total pins                         ; 4                                               ;
; Total virtual pins                 ; 0                                               ;
; Total memory bits                  ; 768                                             ;
; Embedded Multiplier 9-bit elements ; 0                                               ;
; Total PLLs                         ; 0                                               ;
+------------------------------------+-------------------------------------------------+


+----------------------------------------------------------------------------------------------------------------------+
; Analysis & Synthesis Settings                                                                                        ;
+----------------------------------------------------------------------------+--------------------+--------------------+
; Option                                                                     ; Setting            ; Default Value      ;
+----------------------------------------------------------------------------+--------------------+--------------------+
; Device                                                                     ; EP2C35F672C6       ;                    ;
; Top-level entity name                                                      ; ram_proc           ; mult-processor     ;
; Family name                                                                ; Cyclone II         ; Cyclone IV GX      ;
; Use smart compilation                                                      ; Off                ; Off                ;
; Enable parallel Assembler and TimeQuest Timing Analyzer during compilation ; On                 ; On                 ;
; Enable compact report table                                                ; Off                ; Off                ;
; Restructure Multiplexers                                                   ; Auto               ; Auto               ;
; Create Debugging Nodes for IP Cores                                        ; Off                ; Off                ;
; Preserve fewer node names                                                  ; On                 ; On                 ;
; Disable OpenCore Plus hardware evaluation                                  ; Off                ; Off                ;
; Verilog Version                                                            ; Verilog_2001       ; Verilog_2001       ;
; VHDL Version                                                               ; VHDL_1993          ; VHDL_1993          ;
; State Machine Processing                                                   ; Auto               ; Auto               ;
; Safe State Machine                                                         ; Off                ; Off                ;
; Extract Verilog State Machines                                             ; On                 ; On                 ;
; Extract VHDL State Machines                                                ; On                 ; On                 ;
; Ignore Verilog initial constructs                                          ; Off                ; Off                ;
; Iteration limit for constant Verilog loops                                 ; 5000               ; 5000               ;
; Iteration limit for non-constant Verilog loops                             ; 250                ; 250                ;
; Add Pass-Through Logic to Inferred RAMs                                    ; On                 ; On                 ;
; Infer RAMs from Raw Logic                                                  ; On                 ; On                 ;
; Parallel Synthesis                                                         ; On                 ; On                 ;
; DSP Block Balancing                                                        ; Auto               ; Auto               ;
; NOT Gate Push-Back                                                         ; On                 ; On                 ;
; Power-Up Don't Care                                                        ; On                 ; On                 ;
; Remove Redundant Logic Cells                                               ; Off                ; Off                ;
; Remove Duplicate Registers                                                 ; On                 ; On                 ;
; Ignore CARRY Buffers                                                       ; Off                ; Off                ;
; Ignore CASCADE Buffers                                                     ; Off                ; Off                ;
; Ignore GLOBAL Buffers                                                      ; Off                ; Off                ;
; Ignore ROW GLOBAL Buffers                                                  ; Off                ; Off                ;
; Ignore LCELL Buffers                                                       ; Off                ; Off                ;
; Ignore SOFT Buffers                                                        ; On                 ; On                 ;
; Limit AHDL Integers to 32 Bits                                             ; Off                ; Off                ;
; Optimization Technique                                                     ; Balanced           ; Balanced           ;
; Carry Chain Length                                                         ; 70                 ; 70                 ;
; Auto Carry Chains                                                          ; On                 ; On                 ;
; Auto Open-Drain Pins                                                       ; On                 ; On                 ;
; Perform WYSIWYG Primitive Resynthesis                                      ; Off                ; Off                ;
; Auto ROM Replacement                                                       ; On                 ; On                 ;
; Auto RAM Replacement                                                       ; On                 ; On                 ;
; Auto Shift Register Replacement                                            ; Auto               ; Auto               ;
; Allow Shift Register Merging across Hierarchies                            ; Auto               ; Auto               ;
; Auto Clock Enable Replacement                                              ; On                 ; On                 ;
; Strict RAM Replacement                                                     ; Off                ; Off                ;
; Allow Synchronous Control Signals                                          ; On                 ; On                 ;
; Force Use of Synchronous Clear Signals                                     ; Off                ; Off                ;
; Auto RAM to Logic Cell Conversion                                          ; Off                ; Off                ;
; Auto Resource Sharing                                                      ; Off                ; Off                ;
; Allow Any RAM Size For Recognition                                         ; Off                ; Off                ;
; Allow Any ROM Size For Recognition                                         ; Off                ; Off                ;
; Allow Any Shift Register Size For Recognition                              ; Off                ; Off                ;
; Use LogicLock Constraints during Resource Balancing                        ; On                 ; On                 ;
; Ignore translate_off and synthesis_off directives                          ; Off                ; Off                ;
; Timing-Driven Synthesis                                                    ; Off                ; Off                ;
; Report Parameter Settings                                                  ; On                 ; On                 ;
; Report Source Assignments                                                  ; On                 ; On                 ;
; Report Connectivity Checks                                                 ; On                 ; On                 ;
; Ignore Maximum Fan-Out Assignments                                         ; Off                ; Off                ;
; Synchronization Register Chain Length                                      ; 2                  ; 2                  ;
; PowerPlay Power Optimization                                               ; Normal compilation ; Normal compilation ;
; HDL message level                                                          ; Level2             ; Level2             ;
; Suppress Register Optimization Related Messages                            ; Off                ; Off                ;
; Number of Removed Registers Reported in Synthesis Report                   ; 5000               ; 5000               ;
; Number of Swept Nodes Reported in Synthesis Report                         ; 5000               ; 5000               ;
; Number of Inverted Registers Reported in Synthesis Report                  ; 100                ; 100                ;
; Clock MUX Protection                                                       ; On                 ; On                 ;
; Auto Gated Clock Conversion                                                ; Off                ; Off                ;
; Block Design Naming                                                        ; Auto               ; Auto               ;
; SDC constraint protection                                                  ; Off                ; Off                ;
; Synthesis Effort                                                           ; Auto               ; Auto               ;
; Shift Register Replacement - Allow Asynchronous Clear Signal               ; On                 ; On                 ;
; Pre-Mapping Resynthesis Optimization                                       ; Off                ; Off                ;
; Analysis & Synthesis Message Level                                         ; Medium             ; Medium             ;
; Disable Register Merging Across Hierarchies                                ; Auto               ; Auto               ;
; Resource Aware Inference For Block RAM                                     ; On                 ; On                 ;
; Synthesis Seed                                                             ; 1                  ; 1                  ;
+----------------------------------------------------------------------------+--------------------+--------------------+


Parallel compilation was disabled, but you have multiple processors available. Enable parallel compilation to reduce compilation time.
+-------------------------------------+
; Parallel Compilation                ;
+----------------------------+--------+
; Processors                 ; Number ;
+----------------------------+--------+
; Number detected on machine ; 4      ;
; Maximum allowed            ; 1      ;
+----------------------------+--------+


+---------------------------------------------------------------------------------------------------------------------------------------------------------------------------+
; Analysis & Synthesis Source Files Read                                                                                                                                    ;
+----------------------------------+-----------------+----------------------------------+-------------------------------------------------------------------------+---------+
; File Name with User-Entered Path ; Used in Netlist ; File Type                        ; File Name with Absolute Path                                            ; Library ;
+----------------------------------+-----------------+----------------------------------+-------------------------------------------------------------------------+---------+
; ../modules/reg16bitsP.v          ; yes             ; User Verilog HDL File            ; C:/Users/mlfca/Desktop/mult-processor/modules/reg16bitsP.v              ;         ;
; ../modules/reg16bitsN.v          ; yes             ; User Verilog HDL File            ; C:/Users/mlfca/Desktop/mult-processor/modules/reg16bitsN.v              ;         ;
; ../modules/processor.v           ; yes             ; User Verilog HDL File            ; C:/Users/mlfca/Desktop/mult-processor/modules/processor.v               ;         ;
; ../modules/multiplexador.v       ; yes             ; User Verilog HDL File            ; C:/Users/mlfca/Desktop/mult-processor/modules/multiplexador.v           ;         ;
; ../modules/IR.v                  ; yes             ; User Verilog HDL File            ; C:/Users/mlfca/Desktop/mult-processor/modules/IR.v                      ;         ;
; ../modules/decodificaReg.v       ; yes             ; User Verilog HDL File            ; C:/Users/mlfca/Desktop/mult-processor/modules/decodificaReg.v           ;         ;
; ../modules/counter.v             ; yes             ; User Verilog HDL File            ; C:/Users/mlfca/Desktop/mult-processor/modules/counter.v                 ;         ;
; ../modules/addsub.v              ; yes             ; User Verilog HDL File            ; C:/Users/mlfca/Desktop/mult-processor/modules/addsub.v                  ;         ;
; mult-processor.mif               ; yes             ; User Memory Initialization File  ; C:/Users/mlfca/Desktop/mult-processor/quartus/mult-processor.mif        ;         ;
; lpmRAM.v                         ; yes             ; User Wizard-Generated File       ; C:/Users/mlfca/Desktop/mult-processor/quartus/lpmRAM.v                  ;         ;
; ../building/ram-proc.v           ; yes             ; User Verilog HDL File            ; C:/Users/mlfca/Desktop/mult-processor/building/ram-proc.v               ;         ;
; ../modules/regW.v                ; yes             ; User Verilog HDL File            ; C:/Users/mlfca/Desktop/mult-processor/modules/regW.v                    ;         ;
; ../modules/PC.v                  ; yes             ; User Verilog HDL File            ; C:/Users/mlfca/Desktop/mult-processor/modules/PC.v                      ;         ;
; altsyncram.tdf                   ; yes             ; Megafunction                     ; c:/altera/13.0sp1/quartus/libraries/megafunctions/altsyncram.tdf        ;         ;
; stratix_ram_block.inc            ; yes             ; Megafunction                     ; c:/altera/13.0sp1/quartus/libraries/megafunctions/stratix_ram_block.inc ;         ;
; lpm_mux.inc                      ; yes             ; Megafunction                     ; c:/altera/13.0sp1/quartus/libraries/megafunctions/lpm_mux.inc           ;         ;
; lpm_decode.inc                   ; yes             ; Megafunction                     ; c:/altera/13.0sp1/quartus/libraries/megafunctions/lpm_decode.inc        ;         ;
; aglobal130.inc                   ; yes             ; Megafunction                     ; c:/altera/13.0sp1/quartus/libraries/megafunctions/aglobal130.inc        ;         ;
; a_rdenreg.inc                    ; yes             ; Megafunction                     ; c:/altera/13.0sp1/quartus/libraries/megafunctions/a_rdenreg.inc         ;         ;
; altrom.inc                       ; yes             ; Megafunction                     ; c:/altera/13.0sp1/quartus/libraries/megafunctions/altrom.inc            ;         ;
; altram.inc                       ; yes             ; Megafunction                     ; c:/altera/13.0sp1/quartus/libraries/megafunctions/altram.inc            ;         ;
; altdpram.inc                     ; yes             ; Megafunction                     ; c:/altera/13.0sp1/quartus/libraries/megafunctions/altdpram.inc          ;         ;
; db/altsyncram_hjf1.tdf           ; yes             ; Auto-Generated Megafunction      ; C:/Users/mlfca/Desktop/mult-processor/quartus/db/altsyncram_hjf1.tdf    ;         ;
+----------------------------------+-----------------+----------------------------------+-------------------------------------------------------------------------+---------+


+-----------------------------------------------------+
; Analysis & Synthesis Resource Usage Summary         ;
+---------------------------------------------+-------+
; Resource                                    ; Usage ;
+---------------------------------------------+-------+
; Estimated Total logic elements              ; 701   ;
;                                             ;       ;
; Total combinational functions               ; 561   ;
; Logic element usage by number of LUT inputs ;       ;
;     -- 4 input functions                    ; 290   ;
;     -- 3 input functions                    ; 201   ;
;     -- <=2 input functions                  ; 70    ;
;                                             ;       ;
; Logic elements by mode                      ;       ;
;     -- normal mode                          ; 515   ;
;     -- arithmetic mode                      ; 46    ;
;                                             ;       ;
; Total registers                             ; 196   ;
;     -- Dedicated logic registers            ; 196   ;
;     -- I/O registers                        ; 0     ;
;                                             ;       ;
; I/O pins                                    ; 4     ;
; Total memory bits                           ; 768   ;
; Embedded Multiplier 9-bit elements          ; 0     ;
; Maximum fan-out node                        ; clock ;
; Maximum fan-out                             ; 212   ;
; Total fan-out                               ; 2625  ;
; Average fan-out                             ; 3.38  ;
+---------------------------------------------+-------+


+------------------------------------------------------------------------------------------------------------------------------------------------------------------------------------------------------------------------------------------------------------+
; Analysis & Synthesis Resource Utilization by Entity                                                                                                                                                                                                        ;
+-------------------------------------------+-------------------+--------------+-------------+--------------+---------+-----------+------+--------------+-------------------------------------------------------------------------------------+--------------+
; Compilation Hierarchy Node                ; LC Combinationals ; LC Registers ; Memory Bits ; DSP Elements ; DSP 9x9 ; DSP 18x18 ; Pins ; Virtual Pins ; Full Hierarchy Name                                                                 ; Library Name ;
+-------------------------------------------+-------------------+--------------+-------------+--------------+---------+-----------+------+--------------+-------------------------------------------------------------------------------------+--------------+
; |ram_proc                                 ; 561 (0)           ; 196 (0)      ; 768         ; 0            ; 0       ; 0         ; 4    ; 0            ; |ram_proc                                                                           ; work         ;
;    |lpmRAM:ram|                           ; 0 (0)             ; 0 (0)        ; 768         ; 0            ; 0       ; 0         ; 0    ; 0            ; |ram_proc|lpmRAM:ram                                                                ; work         ;
;       |altsyncram:altsyncram_component|   ; 0 (0)             ; 0 (0)        ; 768         ; 0            ; 0       ; 0         ; 0    ; 0            ; |ram_proc|lpmRAM:ram|altsyncram:altsyncram_component                                ; work         ;
;          |altsyncram_hjf1:auto_generated| ; 0 (0)             ; 0 (0)        ; 768         ; 0            ; 0       ; 0         ; 0    ; 0            ; |ram_proc|lpmRAM:ram|altsyncram:altsyncram_component|altsyncram_hjf1:auto_generated ; work         ;
;    |processor:proc|                       ; 561 (120)         ; 196 (0)      ; 0           ; 0            ; 0       ; 0         ; 0    ; 0            ; |ram_proc|processor:proc                                                            ; work         ;
;       |IR:ir0|                            ; 0 (0)             ; 10 (10)      ; 0           ; 0            ; 0       ; 0         ; 0    ; 0            ; |ram_proc|processor:proc|IR:ir0                                                     ; work         ;
;       |PC:pgmCnt|                         ; 35 (35)           ; 16 (16)      ; 0           ; 0            ; 0       ; 0         ; 0    ; 0            ; |ram_proc|processor:proc|PC:pgmCnt                                                  ; work         ;
;       |addsub:as|                         ; 257 (257)         ; 0 (0)        ; 0           ; 0            ; 0       ; 0         ; 0    ; 0            ; |ram_proc|processor:proc|addsub:as                                                  ; work         ;
;       |counter:c0|                        ; 6 (6)             ; 3 (3)        ; 0           ; 0            ; 0       ; 0         ; 0    ; 0            ; |ram_proc|processor:proc|counter:c0                                                 ; work         ;
;       |decodificaReg:dec0|                ; 1 (1)             ; 0 (0)        ; 0           ; 0            ; 0       ; 0         ; 0    ; 0            ; |ram_proc|processor:proc|decodificaReg:dec0                                         ; work         ;
;       |multiplexador:mux0|                ; 137 (137)         ; 0 (0)        ; 0           ; 0            ; 0       ; 0         ; 0    ; 0            ; |ram_proc|processor:proc|multiplexador:mux0                                         ; work         ;
;       |reg16bitsN:G|                      ; 0 (0)             ; 16 (16)      ; 0           ; 0            ; 0       ; 0         ; 0    ; 0            ; |ram_proc|processor:proc|reg16bitsN:G                                               ; work         ;
;       |reg16bitsP:A|                      ; 2 (2)             ; 16 (16)      ; 0           ; 0            ; 0       ; 0         ; 0    ; 0            ; |ram_proc|processor:proc|reg16bitsP:A                                               ; work         ;
;       |reg16bitsP:addressReg|             ; 2 (2)             ; 6 (6)        ; 0           ; 0            ; 0       ; 0         ; 0    ; 0            ; |ram_proc|processor:proc|reg16bitsP:addressReg                                      ; work         ;
;       |reg16bitsP:dOutReg|                ; 0 (0)             ; 16 (16)      ; 0           ; 0            ; 0       ; 0         ; 0    ; 0            ; |ram_proc|processor:proc|reg16bitsP:dOutReg                                         ; work         ;
;       |reg16bitsP:reg0|                   ; 0 (0)             ; 16 (16)      ; 0           ; 0            ; 0       ; 0         ; 0    ; 0            ; |ram_proc|processor:proc|reg16bitsP:reg0                                            ; work         ;
;       |reg16bitsP:reg1|                   ; 0 (0)             ; 16 (16)      ; 0           ; 0            ; 0       ; 0         ; 0    ; 0            ; |ram_proc|processor:proc|reg16bitsP:reg1                                            ; work         ;
;       |reg16bitsP:reg2|                   ; 0 (0)             ; 16 (16)      ; 0           ; 0            ; 0       ; 0         ; 0    ; 0            ; |ram_proc|processor:proc|reg16bitsP:reg2                                            ; work         ;
;       |reg16bitsP:reg3|                   ; 0 (0)             ; 16 (16)      ; 0           ; 0            ; 0       ; 0         ; 0    ; 0            ; |ram_proc|processor:proc|reg16bitsP:reg3                                            ; work         ;
;       |reg16bitsP:reg4|                   ; 0 (0)             ; 16 (16)      ; 0           ; 0            ; 0       ; 0         ; 0    ; 0            ; |ram_proc|processor:proc|reg16bitsP:reg4                                            ; work         ;
;       |reg16bitsP:reg5|                   ; 0 (0)             ; 16 (16)      ; 0           ; 0            ; 0       ; 0         ; 0    ; 0            ; |ram_proc|processor:proc|reg16bitsP:reg5                                            ; work         ;
;       |reg16bitsP:reg6|                   ; 1 (1)             ; 16 (16)      ; 0           ; 0            ; 0       ; 0         ; 0    ; 0            ; |ram_proc|processor:proc|reg16bitsP:reg6                                            ; work         ;
;       |regW:writeReg|                     ; 0 (0)             ; 1 (1)        ; 0           ; 0            ; 0       ; 0         ; 0    ; 0            ; |ram_proc|processor:proc|regW:writeReg                                              ; work         ;
+-------------------------------------------+-------------------+--------------+-------------+--------------+---------+-----------+------+--------------+-------------------------------------------------------------------------------------+--------------+
Note: For table entries with two numbers listed, the numbers in parentheses indicate the number of resources of the given type used by the specific entity alone. The numbers listed outside of parentheses indicate the total resources of the given type used by the specific entity and all of its sub-entities in the hierarchy.


+---------------------------------------------------------------------------------------------------------------------------------------------------------------------------------------------------+
; Analysis & Synthesis RAM Summary                                                                                                                                                                  ;
+--------------------------------------------------------------------------------------+------+-------------+--------------+--------------+--------------+--------------+------+--------------------+
; Name                                                                                 ; Type ; Mode        ; Port A Depth ; Port A Width ; Port B Depth ; Port B Width ; Size ; MIF                ;
+--------------------------------------------------------------------------------------+------+-------------+--------------+--------------+--------------+--------------+------+--------------------+
; lpmRAM:ram|altsyncram:altsyncram_component|altsyncram_hjf1:auto_generated|ALTSYNCRAM ; M4K  ; Single Port ; 48           ; 16           ; --           ; --           ; 768  ; mult-processor.mif ;
+--------------------------------------------------------------------------------------+------+-------------+--------------+--------------+--------------+--------------+------+--------------------+


+-----------------------------------------------------------------------------------------------------------------------------------------------+
; Analysis & Synthesis IP Cores Summary                                                                                                         ;
+--------+--------------+---------+--------------+--------------+----------------------+--------------------------------------------------------+
; Vendor ; IP Core Name ; Version ; Release Date ; License Type ; Entity Instance      ; IP Include File                                        ;
+--------+--------------+---------+--------------+--------------+----------------------+--------------------------------------------------------+
; Altera ; RAM: 1-PORT  ; 13.0    ; N/A          ; N/A          ; |ram_proc|lpmRAM:ram ; C:/Users/mlfca/Desktop/mult-processor/quartus/lpmRAM.v ;
+--------+--------------+---------+--------------+--------------+----------------------+--------------------------------------------------------+


+----------------------------------------------------------------------------------------------------------------------------+
; User-Specified and Inferred Latches                                                                                        ;
+-----------------------------------------------------+---------------------------------------------+------------------------+
; Latch Name                                          ; Latch Enable Signal                         ; Free of Timing Hazards ;
+-----------------------------------------------------+---------------------------------------------+------------------------+
; processor:proc|done                                 ; processor:proc|done                         ; yes                    ;
; processor:proc|clear                                ; processor:proc|clear                        ; yes                    ;
; processor:proc|IRin                                 ; processor:proc|IRin                         ; yes                    ;
; processor:proc|W_D                                  ; processor:proc|W_D                          ; yes                    ;
; processor:proc|multiplexador:mux0|saida[2]          ; processor:proc|multiplexador:mux0|saida[15] ; yes                    ;
; processor:proc|dOutIn                               ; processor:proc|dOutIn                       ; yes                    ;
; processor:proc|multiplexador:mux0|saida[0]          ; processor:proc|multiplexador:mux0|saida[15] ; yes                    ;
; processor:proc|addrIn                               ; processor:proc|addrIn                       ; yes                    ;
; processor:proc|multiplexador:mux0|saida[1]          ; processor:proc|multiplexador:mux0|saida[15] ; yes                    ;
; processor:proc|multiplexador:mux0|saida[3]          ; processor:proc|multiplexador:mux0|saida[15] ; yes                    ;
; processor:proc|multiplexador:mux0|saida[4]          ; processor:proc|multiplexador:mux0|saida[15] ; yes                    ;
; processor:proc|multiplexador:mux0|saida[5]          ; processor:proc|multiplexador:mux0|saida[15] ; yes                    ;
; processor:proc|multiplexador:mux0|saida[6]          ; processor:proc|multiplexador:mux0|saida[15] ; yes                    ;
; processor:proc|decoutgen[6]                         ; processor:proc|decoutgen[0]                 ; yes                    ;
; processor:proc|decoutgen[7]                         ; processor:proc|decoutgen[0]                 ; yes                    ;
; processor:proc|decoutgen[5]                         ; processor:proc|decoutgen[0]                 ; yes                    ;
; processor:proc|decoutgen[3]                         ; processor:proc|decoutgen[0]                 ; yes                    ;
; processor:proc|decoutgen[4]                         ; processor:proc|decoutgen[0]                 ; yes                    ;
; processor:proc|decoutgen[2]                         ; processor:proc|decoutgen[0]                 ; yes                    ;
; processor:proc|decoutgen[0]                         ; processor:proc|decoutgen[0]                 ; yes                    ;
; processor:proc|decoutgen[1]                         ; processor:proc|decoutgen[0]                 ; yes                    ;
; processor:proc|decG                                 ; processor:proc|decG                         ; yes                    ;
; processor:proc|decDIN                               ; processor:proc|decDIN                       ; yes                    ;
; processor:proc|write                                ; processor:proc|write                        ; yes                    ;
; processor:proc|addsub:as|out[2]                     ; processor:proc|addsub:as|Mux16              ; yes                    ;
; processor:proc|sigG                                 ; processor:proc|ctrlULA[1]                   ; yes                    ;
; processor:proc|incr_pc                              ; processor:proc|incr_pc                      ; yes                    ;
; processor:proc|addsub:as|out[0]                     ; processor:proc|addsub:as|Mux16              ; yes                    ;
; processor:proc|addsub:as|out[1]                     ; processor:proc|addsub:as|Mux16              ; yes                    ;
; processor:proc|addsub:as|out[3]                     ; processor:proc|addsub:as|Mux16              ; yes                    ;
; processor:proc|addsub:as|out[4]                     ; processor:proc|addsub:as|Mux16              ; yes                    ;
; processor:proc|addsub:as|out[5]                     ; processor:proc|addsub:as|Mux16              ; yes                    ;
; processor:proc|addsub:as|out[6]                     ; processor:proc|addsub:as|Mux16              ; yes                    ;
; processor:proc|addsub:as|out[7]                     ; processor:proc|addsub:as|Mux16              ; yes                    ;
; processor:proc|addsub:as|out[8]                     ; processor:proc|addsub:as|Mux16              ; yes                    ;
; processor:proc|addsub:as|out[9]                     ; processor:proc|addsub:as|Mux16              ; yes                    ;
; processor:proc|addsub:as|out[10]                    ; processor:proc|addsub:as|Mux16              ; yes                    ;
; processor:proc|addsub:as|out[11]                    ; processor:proc|addsub:as|Mux16              ; yes                    ;
; processor:proc|addsub:as|out[12]                    ; processor:proc|addsub:as|Mux16              ; yes                    ;
; processor:proc|addsub:as|out[13]                    ; processor:proc|addsub:as|Mux16              ; yes                    ;
; processor:proc|addsub:as|out[14]                    ; processor:proc|addsub:as|Mux16              ; yes                    ;
; processor:proc|addsub:as|out[15]                    ; processor:proc|addsub:as|Mux16              ; yes                    ;
; processor:proc|multiplexador:mux0|saida[7]          ; processor:proc|multiplexador:mux0|saida[15] ; yes                    ;
; processor:proc|multiplexador:mux0|saida[8]          ; processor:proc|multiplexador:mux0|saida[15] ; yes                    ;
; processor:proc|multiplexador:mux0|saida[9]          ; processor:proc|multiplexador:mux0|saida[15] ; yes                    ;
; processor:proc|multiplexador:mux0|saida[10]         ; processor:proc|multiplexador:mux0|saida[15] ; yes                    ;
; processor:proc|multiplexador:mux0|saida[11]         ; processor:proc|multiplexador:mux0|saida[15] ; yes                    ;
; processor:proc|multiplexador:mux0|saida[12]         ; processor:proc|multiplexador:mux0|saida[15] ; yes                    ;
; processor:proc|multiplexador:mux0|saida[13]         ; processor:proc|multiplexador:mux0|saida[15] ; yes                    ;
; processor:proc|multiplexador:mux0|saida[14]         ; processor:proc|multiplexador:mux0|saida[15] ; yes                    ;
; processor:proc|multiplexador:mux0|saida[15]         ; processor:proc|multiplexador:mux0|saida[15] ; yes                    ;
; processor:proc|ctrlULA[2]                           ; processor:proc|ctrlULA[1]                   ; yes                    ;
; processor:proc|ctrlULA[1]                           ; processor:proc|ctrlULA[1]                   ; yes                    ;
; processor:proc|ctrlULA[0]                           ; processor:proc|ctrlULA[1]                   ; yes                    ;
; processor:proc|sigA                                 ; processor:proc|sigA                         ; yes                    ;
; Number of user-specified and inferred latches = 55  ;                                             ;                        ;
+-----------------------------------------------------+---------------------------------------------+------------------------+
Note: All latches listed above may not be present at the end of synthesis due to various synthesis optimizations.


+------------------------------------------------------+
; General Register Statistics                          ;
+----------------------------------------------+-------+
; Statistic                                    ; Value ;
+----------------------------------------------+-------+
; Total registers                              ; 196   ;
; Number of registers using Synchronous Clear  ; 0     ;
; Number of registers using Synchronous Load   ; 0     ;
; Number of registers using Asynchronous Clear ; 0     ;
; Number of registers using Asynchronous Load  ; 0     ;
; Number of registers using Clock Enable       ; 191   ;
; Number of registers using Preset             ; 0     ;
+----------------------------------------------+-------+


+-------------------------------------------------------+
; Inverted Register Statistics                          ;
+---------------------------------------------+---------+
; Inverted Register                           ; Fan out ;
+---------------------------------------------+---------+
; processor:proc|reg16bitsP:addressReg|out[2] ; 1       ;
; processor:proc|PC:pgmCnt|out[2]             ; 3       ;
; processor:proc|reg16bitsP:reg6|out[3]       ; 1       ;
; processor:proc|reg16bitsP:A|out[0]          ; 9       ;
; processor:proc|reg16bitsP:A|out[1]          ; 9       ;
; Total number of inverted registers = 5      ;         ;
+---------------------------------------------+---------+


+--------------------------------------------------------------------------------------------------------------------------------------------------------------------+
; Multiplexer Restructuring Statistics (Restructuring Performed)                                                                                                     ;
+--------------------+-----------+---------------+----------------------+------------------------+------------+------------------------------------------------------+
; Multiplexer Inputs ; Bus Width ; Baseline Area ; Area if Restructured ; Saving if Restructured ; Registered ; Example Multiplexer Output                           ;
+--------------------+-----------+---------------+----------------------+------------------------+------------+------------------------------------------------------+
; 3:1                ; 15 bits   ; 30 LEs        ; 15 LEs               ; 15 LEs                 ; Yes        ; |ram_proc|processor:proc|PC:pgmCnt|out[0]            ;
; 4:1                ; 2 bits    ; 4 LEs         ; 4 LEs                ; 0 LEs                  ; No         ; |ram_proc|processor:proc|Mux30                       ;
; 3:1                ; 3 bits    ; 6 LEs         ; 3 LEs                ; 3 LEs                  ; No         ; |ram_proc|processor:proc|Mux2                        ;
; 11:1               ; 4 bits    ; 28 LEs        ; 20 LEs               ; 8 LEs                  ; No         ; |ram_proc|processor:proc|addsub:as|Mux5              ;
; 11:1               ; 4 bits    ; 28 LEs        ; 20 LEs               ; 8 LEs                  ; No         ; |ram_proc|processor:proc|addsub:as|Mux8              ;
; 12:1               ; 2 bits    ; 16 LEs        ; 12 LEs               ; 4 LEs                  ; No         ; |ram_proc|processor:proc|addsub:as|Mux3              ;
; 12:1               ; 2 bits    ; 16 LEs        ; 12 LEs               ; 4 LEs                  ; No         ; |ram_proc|processor:proc|addsub:as|Mux12             ;
; 10:1               ; 16 bits   ; 96 LEs        ; 96 LEs               ; 0 LEs                  ; No         ; |ram_proc|processor:proc|multiplexador:mux0|saida[3] ;
; 13:1               ; 2 bits    ; 16 LEs        ; 12 LEs               ; 4 LEs                  ; No         ; |ram_proc|processor:proc|addsub:as|Mux15             ;
; 15:1               ; 7 bits    ; 70 LEs        ; 14 LEs               ; 56 LEs                 ; No         ; |ram_proc|processor:proc|Mux9                        ;
+--------------------+-----------+---------------+----------------------+------------------------+------------+------------------------------------------------------+


+--------------------------------------------------------------------------------------------------+
; Source assignments for lpmRAM:ram|altsyncram:altsyncram_component|altsyncram_hjf1:auto_generated ;
+---------------------------------+--------------------+------+------------------------------------+
; Assignment                      ; Value              ; From ; To                                 ;
+---------------------------------+--------------------+------+------------------------------------+
; OPTIMIZE_POWER_DURING_SYNTHESIS ; NORMAL_COMPILATION ; -    ; -                                  ;
+---------------------------------+--------------------+------+------------------------------------+


+-----------------------------------------------------------------------------------------+
; Parameter Settings for User Entity Instance: lpmRAM:ram|altsyncram:altsyncram_component ;
+------------------------------------+----------------------+-----------------------------+
; Parameter Name                     ; Value                ; Type                        ;
+------------------------------------+----------------------+-----------------------------+
; BYTE_SIZE_BLOCK                    ; 8                    ; Untyped                     ;
; AUTO_CARRY_CHAINS                  ; ON                   ; AUTO_CARRY                  ;
; IGNORE_CARRY_BUFFERS               ; OFF                  ; IGNORE_CARRY                ;
; AUTO_CASCADE_CHAINS                ; ON                   ; AUTO_CASCADE                ;
; IGNORE_CASCADE_BUFFERS             ; OFF                  ; IGNORE_CASCADE              ;
; WIDTH_BYTEENA                      ; 1                    ; Untyped                     ;
; OPERATION_MODE                     ; SINGLE_PORT          ; Untyped                     ;
; WIDTH_A                            ; 16                   ; Signed Integer              ;
; WIDTHAD_A                          ; 6                    ; Signed Integer              ;
; NUMWORDS_A                         ; 48                   ; Signed Integer              ;
; OUTDATA_REG_A                      ; UNREGISTERED         ; Untyped                     ;
; ADDRESS_ACLR_A                     ; NONE                 ; Untyped                     ;
; OUTDATA_ACLR_A                     ; NONE                 ; Untyped                     ;
; WRCONTROL_ACLR_A                   ; NONE                 ; Untyped                     ;
; INDATA_ACLR_A                      ; NONE                 ; Untyped                     ;
; BYTEENA_ACLR_A                     ; NONE                 ; Untyped                     ;
; WIDTH_B                            ; 1                    ; Untyped                     ;
; WIDTHAD_B                          ; 1                    ; Untyped                     ;
; NUMWORDS_B                         ; 1                    ; Untyped                     ;
; INDATA_REG_B                       ; CLOCK1               ; Untyped                     ;
; WRCONTROL_WRADDRESS_REG_B          ; CLOCK1               ; Untyped                     ;
; RDCONTROL_REG_B                    ; CLOCK1               ; Untyped                     ;
; ADDRESS_REG_B                      ; CLOCK1               ; Untyped                     ;
; OUTDATA_REG_B                      ; UNREGISTERED         ; Untyped                     ;
; BYTEENA_REG_B                      ; CLOCK1               ; Untyped                     ;
; INDATA_ACLR_B                      ; NONE                 ; Untyped                     ;
; WRCONTROL_ACLR_B                   ; NONE                 ; Untyped                     ;
; ADDRESS_ACLR_B                     ; NONE                 ; Untyped                     ;
; OUTDATA_ACLR_B                     ; NONE                 ; Untyped                     ;
; RDCONTROL_ACLR_B                   ; NONE                 ; Untyped                     ;
; BYTEENA_ACLR_B                     ; NONE                 ; Untyped                     ;
; WIDTH_BYTEENA_A                    ; 1                    ; Signed Integer              ;
; WIDTH_BYTEENA_B                    ; 1                    ; Untyped                     ;
; RAM_BLOCK_TYPE                     ; M4K                  ; Untyped                     ;
; BYTE_SIZE                          ; 8                    ; Untyped                     ;
; READ_DURING_WRITE_MODE_MIXED_PORTS ; DONT_CARE            ; Untyped                     ;
; READ_DURING_WRITE_MODE_PORT_A      ; NEW_DATA_NO_NBE_READ ; Untyped                     ;
; READ_DURING_WRITE_MODE_PORT_B      ; NEW_DATA_NO_NBE_READ ; Untyped                     ;
; INIT_FILE                          ; mult-processor.mif   ; Untyped                     ;
; INIT_FILE_LAYOUT                   ; PORT_A               ; Untyped                     ;
; MAXIMUM_DEPTH                      ; 0                    ; Untyped                     ;
; CLOCK_ENABLE_INPUT_A               ; BYPASS               ; Untyped                     ;
; CLOCK_ENABLE_INPUT_B               ; NORMAL               ; Untyped                     ;
; CLOCK_ENABLE_OUTPUT_A              ; BYPASS               ; Untyped                     ;
; CLOCK_ENABLE_OUTPUT_B              ; NORMAL               ; Untyped                     ;
; CLOCK_ENABLE_CORE_A                ; USE_INPUT_CLKEN      ; Untyped                     ;
; CLOCK_ENABLE_CORE_B                ; USE_INPUT_CLKEN      ; Untyped                     ;
; ENABLE_ECC                         ; FALSE                ; Untyped                     ;
; ECC_PIPELINE_STAGE_ENABLED         ; FALSE                ; Untyped                     ;
; WIDTH_ECCSTATUS                    ; 3                    ; Untyped                     ;
; DEVICE_FAMILY                      ; Cyclone II           ; Untyped                     ;
; CBXI_PARAMETER                     ; altsyncram_hjf1      ; Untyped                     ;
+------------------------------------+----------------------+-----------------------------+
Note: In order to hide this table in the UI and the text report file, please set the "Show Parameter Settings in Synthesis Report" option in "Analysis and Synthesis Settings -> More Settings" to "Off".


+------------------------------------------------------------------------+
; Parameter Settings for User Entity Instance: processor:proc|counter:c0 ;
+----------------+-------+-----------------------------------------------+
; Parameter Name ; Value ; Type                                          ;
+----------------+-------+-----------------------------------------------+
; L_COUNT        ; 3     ; Signed Integer                                ;
; STOP           ; 6     ; Signed Integer                                ;
+----------------+-------+-----------------------------------------------+
Note: In order to hide this table in the UI and the text report file, please set the "Show Parameter Settings in Synthesis Report" option in "Analysis and Synthesis Settings -> More Settings" to "Off".


+-----------------------------------------------------------------------------+
; Parameter Settings for User Entity Instance: processor:proc|reg16bitsP:reg0 ;
+----------------+-------+----------------------------------------------------+
; Parameter Name ; Value ; Type                                               ;
+----------------+-------+----------------------------------------------------+
; ini            ; 0     ; Signed Integer                                     ;
+----------------+-------+----------------------------------------------------+
Note: In order to hide this table in the UI and the text report file, please set the "Show Parameter Settings in Synthesis Report" option in "Analysis and Synthesis Settings -> More Settings" to "Off".


+-----------------------------------------------------------------------------+
; Parameter Settings for User Entity Instance: processor:proc|reg16bitsP:reg1 ;
+----------------+-------+----------------------------------------------------+
; Parameter Name ; Value ; Type                                               ;
+----------------+-------+----------------------------------------------------+
; ini            ; 0     ; Signed Integer                                     ;
+----------------+-------+----------------------------------------------------+
Note: In order to hide this table in the UI and the text report file, please set the "Show Parameter Settings in Synthesis Report" option in "Analysis and Synthesis Settings -> More Settings" to "Off".


+-----------------------------------------------------------------------------+
; Parameter Settings for User Entity Instance: processor:proc|reg16bitsP:reg2 ;
+----------------+-------+----------------------------------------------------+
; Parameter Name ; Value ; Type                                               ;
+----------------+-------+----------------------------------------------------+
; ini            ; 0     ; Signed Integer                                     ;
+----------------+-------+----------------------------------------------------+
Note: In order to hide this table in the UI and the text report file, please set the "Show Parameter Settings in Synthesis Report" option in "Analysis and Synthesis Settings -> More Settings" to "Off".


+-----------------------------------------------------------------------------+
; Parameter Settings for User Entity Instance: processor:proc|reg16bitsP:reg3 ;
+----------------+-------+----------------------------------------------------+
; Parameter Name ; Value ; Type                                               ;
+----------------+-------+----------------------------------------------------+
; ini            ; 0     ; Signed Integer                                     ;
+----------------+-------+----------------------------------------------------+
Note: In order to hide this table in the UI and the text report file, please set the "Show Parameter Settings in Synthesis Report" option in "Analysis and Synthesis Settings -> More Settings" to "Off".


+-----------------------------------------------------------------------------+
; Parameter Settings for User Entity Instance: processor:proc|reg16bitsP:reg4 ;
+----------------+-------+----------------------------------------------------+
; Parameter Name ; Value ; Type                                               ;
+----------------+-------+----------------------------------------------------+
; ini            ; 0     ; Signed Integer                                     ;
+----------------+-------+----------------------------------------------------+
Note: In order to hide this table in the UI and the text report file, please set the "Show Parameter Settings in Synthesis Report" option in "Analysis and Synthesis Settings -> More Settings" to "Off".


+-----------------------------------------------------------------------------+
; Parameter Settings for User Entity Instance: processor:proc|reg16bitsP:reg5 ;
+----------------+-------+----------------------------------------------------+
; Parameter Name ; Value ; Type                                               ;
+----------------+-------+----------------------------------------------------+
; ini            ; 0     ; Signed Integer                                     ;
+----------------+-------+----------------------------------------------------+
Note: In order to hide this table in the UI and the text report file, please set the "Show Parameter Settings in Synthesis Report" option in "Analysis and Synthesis Settings -> More Settings" to "Off".


+-----------------------------------------------------------------------------+
; Parameter Settings for User Entity Instance: processor:proc|reg16bitsP:reg6 ;
+----------------+-------+----------------------------------------------------+
; Parameter Name ; Value ; Type                                               ;
+----------------+-------+----------------------------------------------------+
; ini            ; 8     ; Signed Integer                                     ;
+----------------+-------+----------------------------------------------------+
Note: In order to hide this table in the UI and the text report file, please set the "Show Parameter Settings in Synthesis Report" option in "Analysis and Synthesis Settings -> More Settings" to "Off".


+-----------------------------------------------------------------------+
; Parameter Settings for User Entity Instance: processor:proc|PC:pgmCnt ;
+----------------+-------+----------------------------------------------+
; Parameter Name ; Value ; Type                                         ;
+----------------+-------+----------------------------------------------+
; ini            ; 4     ; Signed Integer                               ;
+----------------+-------+----------------------------------------------+
Note: In order to hide this table in the UI and the text report file, please set the "Show Parameter Settings in Synthesis Report" option in "Analysis and Synthesis Settings -> More Settings" to "Off".


+--------------------------------------------------------------------------+
; Parameter Settings for User Entity Instance: processor:proc|reg16bitsP:A ;
+----------------+-------+-------------------------------------------------+
; Parameter Name ; Value ; Type                                            ;
+----------------+-------+-------------------------------------------------+
; ini            ; 3     ; Signed Integer                                  ;
+----------------+-------+-------------------------------------------------+
Note: In order to hide this table in the UI and the text report file, please set the "Show Parameter Settings in Synthesis Report" option in "Analysis and Synthesis Settings -> More Settings" to "Off".


+-----------------------------------------------------------------------------------+
; Parameter Settings for User Entity Instance: processor:proc|reg16bitsP:addressReg ;
+----------------+-------+----------------------------------------------------------+
; Parameter Name ; Value ; Type                                                     ;
+----------------+-------+----------------------------------------------------------+
; ini            ; 4     ; Signed Integer                                           ;
+----------------+-------+----------------------------------------------------------+
Note: In order to hide this table in the UI and the text report file, please set the "Show Parameter Settings in Synthesis Report" option in "Analysis and Synthesis Settings -> More Settings" to "Off".


+--------------------------------------------------------------------------------+
; Parameter Settings for User Entity Instance: processor:proc|reg16bitsP:dOutReg ;
+----------------+-------+-------------------------------------------------------+
; Parameter Name ; Value ; Type                                                  ;
+----------------+-------+-------------------------------------------------------+
; ini            ; 0     ; Signed Integer                                        ;
+----------------+-------+-------------------------------------------------------+
Note: In order to hide this table in the UI and the text report file, please set the "Show Parameter Settings in Synthesis Report" option in "Analysis and Synthesis Settings -> More Settings" to "Off".


+-----------------------------------------------------------------------+
; Parameter Settings for User Entity Instance: processor:proc|addsub:as ;
+----------------+-------+----------------------------------------------+
; Parameter Name ; Value ; Type                                         ;
+----------------+-------+----------------------------------------------+
; L_DATA         ; 16    ; Signed Integer                               ;
+----------------+-------+----------------------------------------------+
Note: In order to hide this table in the UI and the text report file, please set the "Show Parameter Settings in Synthesis Report" option in "Analysis and Synthesis Settings -> More Settings" to "Off".


+----------------------------------------------------------------------------------------+
; altsyncram Parameter Settings by Entity Instance                                       ;
+-------------------------------------------+--------------------------------------------+
; Name                                      ; Value                                      ;
+-------------------------------------------+--------------------------------------------+
; Number of entity instances                ; 1                                          ;
; Entity Instance                           ; lpmRAM:ram|altsyncram:altsyncram_component ;
;     -- OPERATION_MODE                     ; SINGLE_PORT                                ;
;     -- WIDTH_A                            ; 16                                         ;
;     -- NUMWORDS_A                         ; 48                                         ;
;     -- OUTDATA_REG_A                      ; UNREGISTERED                               ;
;     -- WIDTH_B                            ; 1                                          ;
;     -- NUMWORDS_B                         ; 1                                          ;
;     -- ADDRESS_REG_B                      ; CLOCK1                                     ;
;     -- OUTDATA_REG_B                      ; UNREGISTERED                               ;
;     -- RAM_BLOCK_TYPE                     ; M4K                                        ;
;     -- READ_DURING_WRITE_MODE_MIXED_PORTS ; DONT_CARE                                  ;
+-------------------------------------------+--------------------------------------------+


+---------------------------------------------------------------+
; Port Connectivity Checks: "processor:proc|decodificaReg:dec1" ;
+------+-------+----------+-------------------------------------+
; Port ; Type  ; Severity ; Details                             ;
+------+-------+----------+-------------------------------------+
; En   ; Input ; Info     ; Stuck at VCC                        ;
+------+-------+----------+-------------------------------------+


+---------------------------------------------------------------+
; Port Connectivity Checks: "processor:proc|decodificaReg:dec0" ;
+------+-------+----------+-------------------------------------+
; Port ; Type  ; Severity ; Details                             ;
+------+-------+----------+-------------------------------------+
; En   ; Input ; Info     ; Stuck at VCC                        ;
+------+-------+----------+-------------------------------------+


+-----------------------------------------------------------------------------------------------------------------------+
; Port Connectivity Checks: "processor:proc"                                                                            ;
+-------------+--------+----------+-------------------------------------------------------------------------------------+
; Port        ; Type   ; Severity ; Details                                                                             ;
+-------------+--------+----------+-------------------------------------------------------------------------------------+
; ADDR[15..6] ; Output ; Info     ; Connected to dangling logic. Logic that only feeds a dangling port will be removed. ;
+-------------+--------+----------+-------------------------------------------------------------------------------------+


+-------------------------------+
; Elapsed Time Per Partition    ;
+----------------+--------------+
; Partition Name ; Elapsed Time ;
+----------------+--------------+
; Top            ; 00:00:03     ;
+----------------+--------------+


+-------------------------------+
; Analysis & Synthesis Messages ;
+-------------------------------+
Info: *******************************************************************
Info: Running Quartus II 64-Bit Analysis & Synthesis
    Info: Version 13.0.1 Build 232 06/12/2013 Service Pack 1 SJ Web Edition
    Info: Processing started: Sat Sep 22 15:08:24 2018
Info: Command: quartus_map --read_settings_files=on --write_settings_files=off mult-processor -c mult-processor
Warning (20028): Parallel compilation is not licensed and has been disabled
Info (12021): Found 1 design units, including 1 entities, in source file /users/mlfca/desktop/mult-processor/modules/reg16bitsp.v
    Info (12023): Found entity 1: reg16bitsP
Info (12021): Found 1 design units, including 1 entities, in source file /users/mlfca/desktop/mult-processor/modules/reg16bitsn.v
    Info (12023): Found entity 1: reg16bitsN
Info (12021): Found 1 design units, including 1 entities, in source file /users/mlfca/desktop/mult-processor/modules/processor.v
    Info (12023): Found entity 1: processor
Info (12021): Found 1 design units, including 1 entities, in source file /users/mlfca/desktop/mult-processor/modules/multiplexador.v
    Info (12023): Found entity 1: multiplexador
Info (12021): Found 1 design units, including 1 entities, in source file /users/mlfca/desktop/mult-processor/modules/ir.v
    Info (12023): Found entity 1: IR
Info (12021): Found 1 design units, including 1 entities, in source file /users/mlfca/desktop/mult-processor/modules/decodificareg.v
    Info (12023): Found entity 1: decodificaReg
Info (12021): Found 1 design units, including 1 entities, in source file /users/mlfca/desktop/mult-processor/modules/counter.v
    Info (12023): Found entity 1: counter
Info (12021): Found 1 design units, including 1 entities, in source file /users/mlfca/desktop/mult-processor/modules/addsub.v
    Info (12023): Found entity 1: addsub
Info (12021): Found 1 design units, including 1 entities, in source file lpmram.v
    Info (12023): Found entity 1: lpmRAM
Info (12021): Found 1 design units, including 1 entities, in source file /users/mlfca/desktop/mult-processor/building/ram-proc.v
    Info (12023): Found entity 1: ram_proc
Info (12021): Found 1 design units, including 1 entities, in source file /users/mlfca/desktop/mult-processor/modules/regw.v
    Info (12023): Found entity 1: regW
Info (12021): Found 1 design units, including 1 entities, in source file /users/mlfca/desktop/mult-processor/modules/pc.v
    Info (12023): Found entity 1: PC
Info (12127): Elaborating entity "ram_proc" for the top level hierarchy
Info (12128): Elaborating entity "lpmRAM" for hierarchy "lpmRAM:ram"
Info (12128): Elaborating entity "altsyncram" for hierarchy "lpmRAM:ram|altsyncram:altsyncram_component"
Info (12130): Elaborated megafunction instantiation "lpmRAM:ram|altsyncram:altsyncram_component"
Info (12133): Instantiated megafunction "lpmRAM:ram|altsyncram:altsyncram_component" with the following parameter:
    Info (12134): Parameter "clock_enable_input_a" = "BYPASS"
    Info (12134): Parameter "clock_enable_output_a" = "BYPASS"
    Info (12134): Parameter "init_file" = "mult-processor.mif"
    Info (12134): Parameter "intended_device_family" = "Cyclone II"
    Info (12134): Parameter "lpm_hint" = "ENABLE_RUNTIME_MOD=NO"
    Info (12134): Parameter "lpm_type" = "altsyncram"
    Info (12134): Parameter "numwords_a" = "48"
    Info (12134): Parameter "operation_mode" = "SINGLE_PORT"
    Info (12134): Parameter "outdata_aclr_a" = "NONE"
    Info (12134): Parameter "outdata_reg_a" = "UNREGISTERED"
    Info (12134): Parameter "power_up_uninitialized" = "FALSE"
    Info (12134): Parameter "ram_block_type" = "M4K"
    Info (12134): Parameter "widthad_a" = "6"
    Info (12134): Parameter "width_a" = "16"
    Info (12134): Parameter "width_byteena_a" = "1"
Info (12021): Found 1 design units, including 1 entities, in source file db/altsyncram_hjf1.tdf
    Info (12023): Found entity 1: altsyncram_hjf1
Info (12128): Elaborating entity "altsyncram_hjf1" for hierarchy "lpmRAM:ram|altsyncram:altsyncram_component|altsyncram_hjf1:auto_generated"
Info (12128): Elaborating entity "processor" for hierarchy "processor:proc"
Warning (10036): Verilog HDL or VHDL warning at processor.v(53): object "teste" assigned a value but never read
Warning (10235): Verilog HDL Always Construct warning at processor.v(72): variable "run" is read inside the Always Construct but isn't in the Always Construct's Event Control
Warning (10235): Verilog HDL Always Construct warning at processor.v(125): variable "decout1" is read inside the Always Construct but isn't in the Always Construct's Event Control
Warning (10235): Verilog HDL Always Construct warning at processor.v(134): variable "outG" is read inside the Always Construct but isn't in the Always Construct's Event Control
Warning (10235): Verilog HDL Always Construct warning at processor.v(135): variable "decout1" is read inside the Always Construct but isn't in the Always Construct's Event Control
Warning (10235): Verilog HDL Always Construct warning at processor.v(138): variable "decout0" is read inside the Always Construct but isn't in the Always Construct's Event Control
Warning (10235): Verilog HDL Always Construct warning at processor.v(146): variable "decout1" is read inside the Always Construct but isn't in the Always Construct's Event Control
Warning (10235): Verilog HDL Always Construct warning at processor.v(151): variable "decout1" is read inside the Always Construct but isn't in the Always Construct's Event Control
Warning (10235): Verilog HDL Always Construct warning at processor.v(155): variable "decout0" is read inside the Always Construct but isn't in the Always Construct's Event Control
Warning (10235): Verilog HDL Always Construct warning at processor.v(180): variable "decout0" is read inside the Always Construct but isn't in the Always Construct's Event Control
Warning (10235): Verilog HDL Always Construct warning at processor.v(191): variable "decout1" is read inside the Always Construct but isn't in the Always Construct's Event Control
Warning (10270): Verilog HDL Case Statement warning at processor.v(239): incomplete case statement has no default case item
Warning (10270): Verilog HDL Case Statement warning at processor.v(73): incomplete case statement has no default case item
Warning (10240): Verilog HDL Always Construct warning at processor.v(70): inferring latch(es) for variable "decDIN", which holds its previous value in one or more paths through the always construct
Warning (10240): Verilog HDL Always Construct warning at processor.v(70): inferring latch(es) for variable "write", which holds its previous value in one or more paths through the always construct
Warning (10240): Verilog HDL Always Construct warning at processor.v(70): inferring latch(es) for variable "decoutgen", which holds its previous value in one or more paths through the always construct
Warning (10240): Verilog HDL Always Construct warning at processor.v(70): inferring latch(es) for variable "addrIn", which holds its previous value in one or more paths through the always construct
Warning (10240): Verilog HDL Always Construct warning at processor.v(70): inferring latch(es) for variable "done", which holds its previous value in one or more paths through the always construct
Warning (10240): Verilog HDL Always Construct warning at processor.v(70): inferring latch(es) for variable "dOutIn", which holds its previous value in one or more paths through the always construct
Warning (10240): Verilog HDL Always Construct warning at processor.v(70): inferring latch(es) for variable "sigG", which holds its previous value in one or more paths through the always construct
Warning (10240): Verilog HDL Always Construct warning at processor.v(70): inferring latch(es) for variable "ctrlULA", which holds its previous value in one or more paths through the always construct
Warning (10240): Verilog HDL Always Construct warning at processor.v(70): inferring latch(es) for variable "decG", which holds its previous value in one or more paths through the always construct
Warning (10240): Verilog HDL Always Construct warning at processor.v(70): inferring latch(es) for variable "clear", which holds its previous value in one or more paths through the always construct
Warning (10240): Verilog HDL Always Construct warning at processor.v(70): inferring latch(es) for variable "W_D", which holds its previous value in one or more paths through the always construct
Warning (10240): Verilog HDL Always Construct warning at processor.v(70): inferring latch(es) for variable "incr_pc", which holds its previous value in one or more paths through the always construct
Warning (10240): Verilog HDL Always Construct warning at processor.v(70): inferring latch(es) for variable "sigA", which holds its previous value in one or more paths through the always construct
Warning (10240): Verilog HDL Always Construct warning at processor.v(70): inferring latch(es) for variable "IRin", which holds its previous value in one or more paths through the always construct
Info (10041): Inferred latch for "IRin" at processor.v(72)
Info (10041): Inferred latch for "sigA" at processor.v(72)
Info (10041): Inferred latch for "incr_pc" at processor.v(72)
Info (10041): Inferred latch for "W_D" at processor.v(72)
Info (10041): Inferred latch for "clear" at processor.v(72)
Info (10041): Inferred latch for "decG" at processor.v(72)
Info (10041): Inferred latch for "ctrlULA[0]" at processor.v(72)
Info (10041): Inferred latch for "ctrlULA[1]" at processor.v(72)
Info (10041): Inferred latch for "ctrlULA[2]" at processor.v(72)
Info (10041): Inferred latch for "sigG" at processor.v(72)
Info (10041): Inferred latch for "dOutIn" at processor.v(72)
Info (10041): Inferred latch for "done" at processor.v(72)
Info (10041): Inferred latch for "addrIn" at processor.v(72)
Info (10041): Inferred latch for "decoutgen[0]" at processor.v(72)
Info (10041): Inferred latch for "decoutgen[1]" at processor.v(72)
Info (10041): Inferred latch for "decoutgen[2]" at processor.v(72)
Info (10041): Inferred latch for "decoutgen[3]" at processor.v(72)
Info (10041): Inferred latch for "decoutgen[4]" at processor.v(72)
Info (10041): Inferred latch for "decoutgen[5]" at processor.v(72)
Info (10041): Inferred latch for "decoutgen[6]" at processor.v(72)
Info (10041): Inferred latch for "decoutgen[7]" at processor.v(72)
Info (10041): Inferred latch for "write" at processor.v(72)
Info (10041): Inferred latch for "decDIN" at processor.v(72)
Info (12128): Elaborating entity "counter" for hierarchy "processor:proc|counter:c0"
Info (12128): Elaborating entity "reg16bitsP" for hierarchy "processor:proc|reg16bitsP:reg0"
Warning (10230): Verilog HDL assignment warning at reg16bitsP.v(14): truncated value with size 32 to match size of target (16)
Info (12128): Elaborating entity "reg16bitsP" for hierarchy "processor:proc|reg16bitsP:reg6"
Warning (10230): Verilog HDL assignment warning at reg16bitsP.v(14): truncated value with size 32 to match size of target (16)
Info (12128): Elaborating entity "PC" for hierarchy "processor:proc|PC:pgmCnt"
Warning (10230): Verilog HDL assignment warning at PC.v(8): truncated value with size 32 to match size of target (16)
Warning (10230): Verilog HDL assignment warning at PC.v(14): truncated value with size 32 to match size of target (16)
Info (12128): Elaborating entity "reg16bitsP" for hierarchy "processor:proc|reg16bitsP:A"
Warning (10230): Verilog HDL assignment warning at reg16bitsP.v(14): truncated value with size 32 to match size of target (16)
Info (12128): Elaborating entity "reg16bitsN" for hierarchy "processor:proc|reg16bitsN:G"
Info (12128): Elaborating entity "reg16bitsP" for hierarchy "processor:proc|reg16bitsP:addressReg"
Warning (10230): Verilog HDL assignment warning at reg16bitsP.v(14): truncated value with size 32 to match size of target (16)
Info (12128): Elaborating entity "regW" for hierarchy "processor:proc|regW:writeReg"
Info (12128): Elaborating entity "IR" for hierarchy "processor:proc|IR:ir0"
Info (12128): Elaborating entity "decodificaReg" for hierarchy "processor:proc|decodificaReg:dec0"
Info (12128): Elaborating entity "multiplexador" for hierarchy "processor:proc|multiplexador:mux0"
Warning (10240): Verilog HDL Always Construct warning at multiplexador.v(13): inferring latch(es) for variable "saida", which holds its previous value in one or more paths through the always construct
Info (10041): Inferred latch for "saida[0]" at multiplexador.v(17)
Info (10041): Inferred latch for "saida[1]" at multiplexador.v(17)
Info (10041): Inferred latch for "saida[2]" at multiplexador.v(17)
Info (10041): Inferred latch for "saida[3]" at multiplexador.v(17)
Info (10041): Inferred latch for "saida[4]" at multiplexador.v(17)
Info (10041): Inferred latch for "saida[5]" at multiplexador.v(17)
Info (10041): Inferred latch for "saida[6]" at multiplexador.v(17)
Info (10041): Inferred latch for "saida[7]" at multiplexador.v(17)
Info (10041): Inferred latch for "saida[8]" at multiplexador.v(17)
Info (10041): Inferred latch for "saida[9]" at multiplexador.v(17)
Info (10041): Inferred latch for "saida[10]" at multiplexador.v(17)
Info (10041): Inferred latch for "saida[11]" at multiplexador.v(17)
Info (10041): Inferred latch for "saida[12]" at multiplexador.v(17)
Info (10041): Inferred latch for "saida[13]" at multiplexador.v(17)
Info (10041): Inferred latch for "saida[14]" at multiplexador.v(17)
Info (10041): Inferred latch for "saida[15]" at multiplexador.v(17)
Info (12128): Elaborating entity "addsub" for hierarchy "processor:proc|addsub:as"
Warning (10270): Verilog HDL Case Statement warning at addsub.v(18): incomplete case statement has no default case item
Warning (10240): Verilog HDL Always Construct warning at addsub.v(17): inferring latch(es) for variable "out", which holds its previous value in one or more paths through the always construct
Info (10041): Inferred latch for "out[0]" at addsub.v(17)
Info (10041): Inferred latch for "out[1]" at addsub.v(17)
Info (10041): Inferred latch for "out[2]" at addsub.v(17)
Info (10041): Inferred latch for "out[3]" at addsub.v(17)
Info (10041): Inferred latch for "out[4]" at addsub.v(17)
Info (10041): Inferred latch for "out[5]" at addsub.v(17)
Info (10041): Inferred latch for "out[6]" at addsub.v(17)
Info (10041): Inferred latch for "out[7]" at addsub.v(17)
Info (10041): Inferred latch for "out[8]" at addsub.v(17)
Info (10041): Inferred latch for "out[9]" at addsub.v(17)
Info (10041): Inferred latch for "out[10]" at addsub.v(17)
Info (10041): Inferred latch for "out[11]" at addsub.v(17)
Info (10041): Inferred latch for "out[12]" at addsub.v(17)
Info (10041): Inferred latch for "out[13]" at addsub.v(17)
Info (10041): Inferred latch for "out[14]" at addsub.v(17)
Info (10041): Inferred latch for "out[15]" at addsub.v(17)
Warning (13012): Latch processor:proc|done has unsafe behavior
    Warning (13013): Ports D and ENA on the latch are fed by the same signal processor:proc|counter:c0|out[1]
Warning (13012): Latch processor:proc|clear has unsafe behavior
    Warning (13013): Ports D and ENA on the latch are fed by the same signal processor:proc|counter:c0|out[1]
Warning (13012): Latch processor:proc|W_D has unsafe behavior
    Warning (13013): Ports D and ENA on the latch are fed by the same signal processor:proc|counter:c0|out[0]
Warning (13012): Latch processor:proc|multiplexador:mux0|saida[2] has unsafe behavior
    Warning (13013): Ports D and ENA on the latch are fed by the same signal processor:proc|decoutgen[6]
Warning (13012): Latch processor:proc|dOutIn has unsafe behavior
    Warning (13013): Ports D and ENA on the latch are fed by the same signal processor:proc|counter:c0|out[1]
Warning (13012): Latch processor:proc|multiplexador:mux0|saida[0] has unsafe behavior
    Warning (13013): Ports D and ENA on the latch are fed by the same signal processor:proc|decoutgen[6]
Warning (13012): Latch processor:proc|addrIn has unsafe behavior
    Warning (13013): Ports D and ENA on the latch are fed by the same signal processor:proc|counter:c0|out[2]
Warning (13012): Latch processor:proc|multiplexador:mux0|saida[1] has unsafe behavior
    Warning (13013): Ports D and ENA on the latch are fed by the same signal processor:proc|decoutgen[7]
Warning (13012): Latch processor:proc|multiplexador:mux0|saida[3] has unsafe behavior
    Warning (13013): Ports D and ENA on the latch are fed by the same signal processor:proc|decoutgen[7]
Warning (13012): Latch processor:proc|multiplexador:mux0|saida[4] has unsafe behavior
    Warning (13013): Ports D and ENA on the latch are fed by the same signal processor:proc|decoutgen[6]
Warning (13012): Latch processor:proc|multiplexador:mux0|saida[5] has unsafe behavior
    Warning (13013): Ports D and ENA on the latch are fed by the same signal processor:proc|decoutgen[7]
Warning (13012): Latch processor:proc|multiplexador:mux0|saida[6] has unsafe behavior
    Warning (13013): Ports D and ENA on the latch are fed by the same signal processor:proc|decoutgen[6]
Warning (13012): Latch processor:proc|decoutgen[6] has unsafe behavior
    Warning (13013): Ports D and ENA on the latch are fed by the same signal processor:proc|counter:c0|out[1]
Warning (13012): Latch processor:proc|decoutgen[7] has unsafe behavior
    Warning (13013): Ports D and ENA on the latch are fed by the same signal processor:proc|counter:c0|out[1]
Warning (13012): Latch processor:proc|decoutgen[5] has unsafe behavior
    Warning (13013): Ports D and ENA on the latch are fed by the same signal processor:proc|counter:c0|out[1]
Warning (13012): Latch processor:proc|decoutgen[3] has unsafe behavior
    Warning (13013): Ports D and ENA on the latch are fed by the same signal processor:proc|counter:c0|out[1]
Warning (13012): Latch processor:proc|decoutgen[4] has unsafe behavior
    Warning (13013): Ports D and ENA on the latch are fed by the same signal processor:proc|counter:c0|out[1]
Warning (13012): Latch processor:proc|decoutgen[2] has unsafe behavior
    Warning (13013): Ports D and ENA on the latch are fed by the same signal processor:proc|counter:c0|out[1]
Warning (13012): Latch processor:proc|decoutgen[0] has unsafe behavior
    Warning (13013): Ports D and ENA on the latch are fed by the same signal processor:proc|counter:c0|out[1]
Warning (13012): Latch processor:proc|decoutgen[1] has unsafe behavior
    Warning (13013): Ports D and ENA on the latch are fed by the same signal processor:proc|counter:c0|out[1]
Warning (13012): Latch processor:proc|decG has unsafe behavior
    Warning (13013): Ports D and ENA on the latch are fed by the same signal processor:proc|counter:c0|out[2]
Warning (13012): Latch processor:proc|decDIN has unsafe behavior
    Warning (13013): Ports D and ENA on the latch are fed by the same signal processor:proc|counter:c0|out[0]
Warning (13012): Latch processor:proc|write has unsafe behavior
    Warning (13013): Ports D and ENA on the latch are fed by the same signal processor:proc|counter:c0|out[0]
Warning (13012): Latch processor:proc|addsub:as|out[2] has unsafe behavior
    Warning (13013): Ports D and ENA on the latch are fed by the same signal processor:proc|ctrlULA[1]
Warning (13012): Latch processor:proc|sigG has unsafe behavior
    Warning (13013): Ports D and ENA on the latch are fed by the same signal processor:proc|counter:c0|out[0]
Warning (13012): Latch processor:proc|incr_pc has unsafe behavior
    Warning (13013): Ports D and ENA on the latch are fed by the same signal processor:proc|counter:c0|out[0]
Warning (13012): Latch processor:proc|addsub:as|out[0] has unsafe behavior
    Warning (13013): Ports D and ENA on the latch are fed by the same signal processor:proc|ctrlULA[2]
Warning (13012): Latch processor:proc|addsub:as|out[1] has unsafe behavior
    Warning (13013): Ports D and ENA on the latch are fed by the same signal processor:proc|ctrlULA[2]
Warning (13012): Latch processor:proc|addsub:as|out[3] has unsafe behavior
    Warning (13013): Ports D and ENA on the latch are fed by the same signal processor:proc|ctrlULA[1]
Warning (13012): Latch processor:proc|addsub:as|out[4] has unsafe behavior
    Warning (13013): Ports D and ENA on the latch are fed by the same signal processor:proc|ctrlULA[2]
Warning (13012): Latch processor:proc|addsub:as|out[5] has unsafe behavior
    Warning (13013): Ports D and ENA on the latch are fed by the same signal processor:proc|ctrlULA[2]
Warning (13012): Latch processor:proc|addsub:as|out[6] has unsafe behavior
    Warning (13013): Ports D and ENA on the latch are fed by the same signal processor:proc|ctrlULA[2]
Warning (13012): Latch processor:proc|addsub:as|out[7] has unsafe behavior
    Warning (13013): Ports D and ENA on the latch are fed by the same signal processor:proc|ctrlULA[2]
Warning (13012): Latch processor:proc|addsub:as|out[8] has unsafe behavior
    Warning (13013): Ports D and ENA on the latch are fed by the same signal processor:proc|ctrlULA[2]
Warning (13012): Latch processor:proc|addsub:as|out[9] has unsafe behavior
    Warning (13013): Ports D and ENA on the latch are fed by the same signal processor:proc|ctrlULA[2]
Warning (13012): Latch processor:proc|addsub:as|out[10] has unsafe behavior
    Warning (13013): Ports D and ENA on the latch are fed by the same signal processor:proc|ctrlULA[2]
Warning (13012): Latch processor:proc|addsub:as|out[11] has unsafe behavior
    Warning (13013): Ports D and ENA on the latch are fed by the same signal processor:proc|ctrlULA[2]
Warning (13012): Latch processor:proc|addsub:as|out[12] has unsafe behavior
    Warning (13013): Ports D and ENA on the latch are fed by the same signal processor:proc|ctrlULA[1]
Warning (13012): Latch processor:proc|addsub:as|out[13] has unsafe behavior
    Warning (13013): Ports D and ENA on the latch are fed by the same signal processor:proc|ctrlULA[1]
Warning (13012): Latch processor:proc|addsub:as|out[14] has unsafe behavior
    Warning (13013): Ports D and ENA on the latch are fed by the same signal processor:proc|ctrlULA[2]
Warning (13012): Latch processor:proc|addsub:as|out[15] has unsafe behavior
    Warning (13013): Ports D and ENA on the latch are fed by the same signal processor:proc|ctrlULA[2]
Warning (13012): Latch processor:proc|multiplexador:mux0|saida[7] has unsafe behavior
    Warning (13013): Ports D and ENA on the latch are fed by the same signal processor:proc|decoutgen[7]
Warning (13012): Latch processor:proc|multiplexador:mux0|saida[8] has unsafe behavior
    Warning (13013): Ports D and ENA on the latch are fed by the same signal processor:proc|decoutgen[6]
Warning (13012): Latch processor:proc|multiplexador:mux0|saida[9] has unsafe behavior
    Warning (13013): Ports D and ENA on the latch are fed by the same signal processor:proc|decoutgen[7]
Warning (13012): Latch processor:proc|multiplexador:mux0|saida[10] has unsafe behavior
    Warning (13013): Ports D and ENA on the latch are fed by the same signal processor:proc|decoutgen[6]
Warning (13012): Latch processor:proc|multiplexador:mux0|saida[11] has unsafe behavior
    Warning (13013): Ports D and ENA on the latch are fed by the same signal processor:proc|decoutgen[7]
Warning (13012): Latch processor:proc|multiplexador:mux0|saida[12] has unsafe behavior
    Warning (13013): Ports D and ENA on the latch are fed by the same signal processor:proc|decoutgen[6]
Warning (13012): Latch processor:proc|multiplexador:mux0|saida[13] has unsafe behavior
    Warning (13013): Ports D and ENA on the latch are fed by the same signal processor:proc|decoutgen[7]
Warning (13012): Latch processor:proc|multiplexador:mux0|saida[14] has unsafe behavior
    Warning (13013): Ports D and ENA on the latch are fed by the same signal processor:proc|decoutgen[6]
Warning (13012): Latch processor:proc|multiplexador:mux0|saida[15] has unsafe behavior
    Warning (13013): Ports D and ENA on the latch are fed by the same signal processor:proc|decoutgen[7]
Warning (13012): Latch processor:proc|ctrlULA[2] has unsafe behavior
    Warning (13013): Ports D and ENA on the latch are fed by the same signal processor:proc|counter:c0|out[1]
Warning (13012): Latch processor:proc|ctrlULA[1] has unsafe behavior
    Warning (13013): Ports D and ENA on the latch are fed by the same signal processor:proc|counter:c0|out[1]
Warning (13012): Latch processor:proc|ctrlULA[0] has unsafe behavior
    Warning (13013): Ports D and ENA on the latch are fed by the same signal processor:proc|counter:c0|out[1]
Warning (13012): Latch processor:proc|sigA has unsafe behavior
    Warning (13013): Ports D and ENA on the latch are fed by the same signal processor:proc|counter:c0|out[1]
Info (16010): Generating hard_block partition "hard_block:auto_generated_inst"
    Info (16011): Adding 0 node(s), including 0 DDIO, 0 PLL, 0 transceiver and 0 LCELL
Info (21057): Implemented 754 device resources after synthesis - the final resource count might be different
    Info (21058): Implemented 3 input pins
    Info (21059): Implemented 1 output pins
    Info (21061): Implemented 734 logic cells
    Info (21064): Implemented 16 RAM segments
Info: Quartus II 64-Bit Analysis & Synthesis was successful. 0 errors, 145 warnings
    Info: Peak virtual memory: 4644 megabytes
    Info: Processing ended: Sat Sep 22 15:08:31 2018
    Info: Elapsed time: 00:00:07
    Info: Total CPU time (on all processors): 00:00:05


